<?xml version="1.0" encoding="UTF-8"?>
<!-- Generated by org.testng.reporters.JUnitReportReporter -->
<testsuite hostname="TYSS-Rakesh" name="com.tyss.Demo" tests="1" failures="0" timestamp="4 Mar 2018 13:26:03 GMT" time="11.456" errors="0">
  <testcase name="testA" time="11.456" classname="com.tyss.Demo"/>
</testsuite> <!-- com.tyss.Demo -->
